usage: train_26.py [-h] [--data DATA] [--data-root DATA_ROOT]
                   [--no-auto-data-root] [--allow-empty-labels]
                   [--label-check-samples LABEL_CHECK_SAMPLES]
                   [--precheck-only] [--size {n,s,m,l,x}] [--weights WEIGHTS]
                   [--fresh] [--epochs EPOCHS] [--imgsz IMGSZ] [--batch BATCH]
                   [--device DEVICE] [--workers WORKERS] [--project PROJECT]
                   [--name NAME] [--exist-ok] [--seed SEED]
                   [--patience PATIENCE] [--save-period SAVE_PERIOD]
                   [--verbose] [--max-vram-gb MAX_VRAM_GB]
                   [--clear-cache-each-epoch] [--no-clear-cache-each-epoch]
                   [--optimizer {AdamW,Adam,SGD}] [--lr0 LR0] [--lrf LRF]
                   [--weight-decay WEIGHT_DECAY]
                   [--warmup-epochs WARMUP_EPOCHS] [--nbs NBS]
                   [--domain-weight DOMAIN_WEIGHT] [--alpha-max ALPHA_MAX]
                   [--degrees DEGREES] [--translate TRANSLATE]
                   [--scale-aug SCALE_AUG] [--shear SHEAR]
                   [--perspective PERSPECTIVE] [--flipud FLIPUD]
                   [--fliplr FLIPLR] [--hsv-h HSV_H] [--hsv-s HSV_S]
                   [--hsv-v HSV_V] [--mosaic MOSAIC] [--mixup MIXUP]
                   [--multi-scale MULTI_SCALE] [--no-amp]
train_26.py: error: unrecognized arguments: --domain_weight 0.02
